2024-12-03 14:54:30,312 - INFO - Starting pattern analysis...
2024-12-03 14:54:30,314 - ERROR - Analysis failed: [Errno 2] No such file or directory: 'C:\\Users\\pur\\Desktop\\pumpfun_wallet_analysis\\data\\analysis_progress.csv'
2024-12-03 14:54:58,028 - INFO - Starting pattern analysis...
2024-12-03 14:54:58,031 - ERROR - Analysis failed: [Errno 2] No such file or directory: 'C:\\Users\\pur\\Desktop\\pumpfun_wallet_analysis\\data\\analysis_progress.csv'
2024-12-03 14:56:08,547 - INFO - Starting pattern analysis...
2024-12-03 14:56:08,560 - INFO - Loaded 750 wallets for analysis
2024-12-03 14:56:08,562 - INFO - Analyzing patterns for wallet 1/750
2024-12-03 14:56:08,567 - INFO - Analyzing patterns for wallet 2/750
2024-12-03 14:56:08,576 - INFO - Analyzing patterns for wallet 3/750
2024-12-03 14:56:08,576 - INFO - Analyzing patterns for wallet 4/750
2024-12-03 14:56:08,577 - INFO - Analyzing patterns for wallet 5/750
2024-12-03 14:56:08,578 - INFO - Analyzing patterns for wallet 6/750
2024-12-03 14:56:08,578 - INFO - Analyzing patterns for wallet 7/750
2024-12-03 14:56:08,579 - INFO - Analyzing patterns for wallet 8/750
2024-12-03 14:56:08,579 - INFO - Analyzing patterns for wallet 9/750
2024-12-03 14:56:08,580 - INFO - Analyzing patterns for wallet 10/750
2024-12-03 14:56:08,581 - INFO - Analyzing patterns for wallet 11/750
2024-12-03 14:56:08,581 - INFO - Analyzing patterns for wallet 12/750
2024-12-03 14:56:08,582 - INFO - Analyzing patterns for wallet 13/750
2024-12-03 14:56:08,582 - INFO - Analyzing patterns for wallet 14/750
2024-12-03 14:56:08,583 - INFO - Analyzing patterns for wallet 15/750
2024-12-03 14:56:08,583 - INFO - Analyzing patterns for wallet 16/750
2024-12-03 14:56:08,584 - INFO - Analyzing patterns for wallet 17/750
2024-12-03 14:56:08,584 - INFO - Analyzing patterns for wallet 18/750
2024-12-03 14:56:08,585 - INFO - Analyzing patterns for wallet 19/750
2024-12-03 14:56:08,587 - INFO - Analyzing patterns for wallet 20/750
2024-12-03 14:56:08,588 - INFO - Analyzing patterns for wallet 21/750
2024-12-03 14:56:08,590 - INFO - Analyzing patterns for wallet 22/750
2024-12-03 14:56:08,590 - INFO - Analyzing patterns for wallet 23/750
2024-12-03 14:56:08,591 - INFO - Analyzing patterns for wallet 24/750
2024-12-03 14:56:08,592 - INFO - Analyzing patterns for wallet 25/750
2024-12-03 14:56:08,593 - INFO - Analyzing patterns for wallet 26/750
2024-12-03 14:56:08,593 - INFO - Analyzing patterns for wallet 27/750
2024-12-03 14:56:08,594 - INFO - Analyzing patterns for wallet 28/750
2024-12-03 14:56:08,595 - INFO - Analyzing patterns for wallet 29/750
2024-12-03 14:56:08,595 - INFO - Analyzing patterns for wallet 30/750
2024-12-03 14:56:08,596 - INFO - Analyzing patterns for wallet 31/750
2024-12-03 14:56:08,596 - INFO - Analyzing patterns for wallet 32/750
2024-12-03 14:56:08,598 - INFO - Analyzing patterns for wallet 33/750
2024-12-03 14:56:08,598 - INFO - Analyzing patterns for wallet 34/750
2024-12-03 14:56:08,599 - INFO - Analyzing patterns for wallet 35/750
2024-12-03 14:56:08,599 - INFO - Analyzing patterns for wallet 36/750
2024-12-03 14:56:08,600 - INFO - Analyzing patterns for wallet 37/750
2024-12-03 14:56:08,601 - INFO - Analyzing patterns for wallet 38/750
2024-12-03 14:56:08,601 - INFO - Analyzing patterns for wallet 39/750
2024-12-03 14:56:08,604 - INFO - Analyzing patterns for wallet 40/750
2024-12-03 14:56:08,605 - INFO - Analyzing patterns for wallet 41/750
2024-12-03 14:56:08,606 - INFO - Analyzing patterns for wallet 42/750
2024-12-03 14:56:08,606 - INFO - Analyzing patterns for wallet 43/750
2024-12-03 14:56:08,608 - INFO - Analyzing patterns for wallet 44/750
2024-12-03 14:56:08,609 - INFO - Analyzing patterns for wallet 45/750
2024-12-03 14:56:08,610 - INFO - Analyzing patterns for wallet 46/750
2024-12-03 14:56:08,610 - INFO - Analyzing patterns for wallet 47/750
2024-12-03 14:56:08,612 - INFO - Analyzing patterns for wallet 48/750
2024-12-03 14:56:08,613 - INFO - Analyzing patterns for wallet 49/750
2024-12-03 14:56:08,613 - INFO - Analyzing patterns for wallet 50/750
2024-12-03 14:56:08,619 - INFO - Analyzing patterns for wallet 51/750
2024-12-03 14:56:08,623 - INFO - Analyzing patterns for wallet 52/750
2024-12-03 14:56:08,624 - INFO - Analyzing patterns for wallet 53/750
2024-12-03 14:56:08,625 - INFO - Analyzing patterns for wallet 54/750
2024-12-03 14:56:08,625 - INFO - Analyzing patterns for wallet 55/750
2024-12-03 14:56:08,626 - INFO - Analyzing patterns for wallet 56/750
2024-12-03 14:56:08,626 - INFO - Analyzing patterns for wallet 57/750
2024-12-03 14:56:08,627 - INFO - Analyzing patterns for wallet 58/750
2024-12-03 14:56:08,628 - INFO - Analyzing patterns for wallet 59/750
2024-12-03 14:56:08,628 - INFO - Analyzing patterns for wallet 60/750
2024-12-03 14:56:08,629 - INFO - Analyzing patterns for wallet 61/750
2024-12-03 14:56:08,646 - INFO - Analyzing patterns for wallet 62/750
2024-12-03 14:56:08,659 - INFO - Analyzing patterns for wallet 63/750
2024-12-03 14:56:08,659 - INFO - Analyzing patterns for wallet 64/750
2024-12-03 14:56:08,660 - INFO - Analyzing patterns for wallet 65/750
2024-12-03 14:56:08,661 - INFO - Analyzing patterns for wallet 66/750
2024-12-03 14:56:08,661 - INFO - Analyzing patterns for wallet 67/750
2024-12-03 14:56:08,662 - INFO - Analyzing patterns for wallet 68/750
2024-12-03 14:56:08,662 - INFO - Analyzing patterns for wallet 69/750
2024-12-03 14:56:08,663 - INFO - Analyzing patterns for wallet 70/750
2024-12-03 14:56:08,663 - INFO - Analyzing patterns for wallet 71/750
2024-12-03 14:56:08,664 - INFO - Analyzing patterns for wallet 72/750
2024-12-03 14:56:08,664 - INFO - Analyzing patterns for wallet 73/750
2024-12-03 14:56:08,665 - INFO - Analyzing patterns for wallet 74/750
2024-12-03 14:56:08,667 - INFO - Analyzing patterns for wallet 75/750
2024-12-03 14:56:08,667 - INFO - Analyzing patterns for wallet 76/750
2024-12-03 14:56:08,668 - INFO - Analyzing patterns for wallet 77/750
2024-12-03 14:56:08,668 - INFO - Analyzing patterns for wallet 78/750
2024-12-03 14:56:08,672 - INFO - Analyzing patterns for wallet 79/750
2024-12-03 14:56:08,673 - INFO - Analyzing patterns for wallet 80/750
2024-12-03 14:56:08,674 - INFO - Analyzing patterns for wallet 81/750
2024-12-03 14:56:08,674 - INFO - Analyzing patterns for wallet 82/750
2024-12-03 14:56:08,674 - INFO - Analyzing patterns for wallet 83/750
2024-12-03 14:56:08,675 - INFO - Analyzing patterns for wallet 84/750
2024-12-03 14:56:08,676 - INFO - Analyzing patterns for wallet 85/750
2024-12-03 14:56:08,676 - INFO - Analyzing patterns for wallet 86/750
2024-12-03 14:56:08,677 - INFO - Analyzing patterns for wallet 87/750
2024-12-03 14:56:08,677 - INFO - Analyzing patterns for wallet 88/750
2024-12-03 14:56:08,679 - INFO - Analyzing patterns for wallet 89/750
2024-12-03 14:56:08,680 - INFO - Analyzing patterns for wallet 90/750
2024-12-03 14:56:08,680 - INFO - Analyzing patterns for wallet 91/750
2024-12-03 14:56:08,681 - INFO - Analyzing patterns for wallet 92/750
2024-12-03 14:56:08,681 - INFO - Analyzing patterns for wallet 93/750
2024-12-03 14:56:08,682 - INFO - Analyzing patterns for wallet 94/750
2024-12-03 14:56:08,682 - INFO - Analyzing patterns for wallet 95/750
2024-12-03 14:56:08,683 - INFO - Analyzing patterns for wallet 96/750
2024-12-03 14:56:08,684 - INFO - Analyzing patterns for wallet 97/750
2024-12-03 14:56:08,684 - INFO - Analyzing patterns for wallet 98/750
2024-12-03 14:56:08,685 - INFO - Analyzing patterns for wallet 99/750
2024-12-03 14:56:08,688 - INFO - Analyzing patterns for wallet 100/750
2024-12-03 14:56:08,693 - INFO - Analyzing patterns for wallet 101/750
2024-12-03 14:56:08,693 - INFO - Analyzing patterns for wallet 102/750
2024-12-03 14:56:08,694 - INFO - Analyzing patterns for wallet 103/750
2024-12-03 14:56:08,696 - INFO - Analyzing patterns for wallet 104/750
2024-12-03 14:56:08,696 - INFO - Analyzing patterns for wallet 105/750
2024-12-03 14:56:08,697 - INFO - Analyzing patterns for wallet 106/750
2024-12-03 14:56:08,698 - INFO - Analyzing patterns for wallet 107/750
2024-12-03 14:56:08,699 - INFO - Analyzing patterns for wallet 108/750
2024-12-03 14:56:08,700 - INFO - Analyzing patterns for wallet 109/750
2024-12-03 14:56:08,701 - INFO - Analyzing patterns for wallet 110/750
2024-12-03 14:56:08,701 - INFO - Analyzing patterns for wallet 111/750
2024-12-03 14:56:08,706 - INFO - Analyzing patterns for wallet 112/750
2024-12-03 14:56:08,709 - INFO - Analyzing patterns for wallet 113/750
2024-12-03 14:56:08,710 - INFO - Analyzing patterns for wallet 114/750
2024-12-03 14:56:08,711 - INFO - Analyzing patterns for wallet 115/750
2024-12-03 14:56:08,711 - INFO - Analyzing patterns for wallet 116/750
2024-12-03 14:56:08,713 - INFO - Analyzing patterns for wallet 117/750
2024-12-03 14:56:08,714 - INFO - Analyzing patterns for wallet 118/750
2024-12-03 14:56:08,714 - INFO - Analyzing patterns for wallet 119/750
2024-12-03 14:56:08,715 - INFO - Analyzing patterns for wallet 120/750
2024-12-03 14:56:08,715 - INFO - Analyzing patterns for wallet 121/750
2024-12-03 14:56:08,716 - INFO - Analyzing patterns for wallet 122/750
2024-12-03 14:56:08,716 - INFO - Analyzing patterns for wallet 123/750
2024-12-03 14:56:08,717 - INFO - Analyzing patterns for wallet 124/750
2024-12-03 14:56:08,722 - INFO - Analyzing patterns for wallet 125/750
2024-12-03 14:56:08,724 - INFO - Analyzing patterns for wallet 126/750
2024-12-03 14:56:08,725 - INFO - Analyzing patterns for wallet 127/750
2024-12-03 14:56:08,725 - INFO - Analyzing patterns for wallet 128/750
2024-12-03 14:56:08,725 - INFO - Analyzing patterns for wallet 129/750
2024-12-03 14:56:08,726 - INFO - Analyzing patterns for wallet 130/750
2024-12-03 14:56:08,726 - INFO - Analyzing patterns for wallet 131/750
2024-12-03 14:56:08,727 - INFO - Analyzing patterns for wallet 132/750
2024-12-03 14:56:08,727 - INFO - Analyzing patterns for wallet 133/750
2024-12-03 14:56:08,729 - INFO - Analyzing patterns for wallet 134/750
2024-12-03 14:56:08,729 - INFO - Analyzing patterns for wallet 135/750
2024-12-03 14:56:08,730 - INFO - Analyzing patterns for wallet 136/750
2024-12-03 14:56:08,731 - INFO - Analyzing patterns for wallet 137/750
2024-12-03 14:56:08,731 - INFO - Analyzing patterns for wallet 138/750
2024-12-03 14:56:08,732 - INFO - Analyzing patterns for wallet 139/750
2024-12-03 14:56:08,732 - INFO - Analyzing patterns for wallet 140/750
2024-12-03 14:56:08,733 - INFO - Analyzing patterns for wallet 141/750
2024-12-03 14:56:08,733 - INFO - Analyzing patterns for wallet 142/750
2024-12-03 14:56:08,734 - INFO - Analyzing patterns for wallet 143/750
2024-12-03 14:56:08,735 - INFO - Analyzing patterns for wallet 144/750
2024-12-03 14:56:08,735 - INFO - Analyzing patterns for wallet 145/750
2024-12-03 14:56:08,740 - INFO - Analyzing patterns for wallet 146/750
2024-12-03 14:56:08,741 - INFO - Analyzing patterns for wallet 147/750
2024-12-03 14:56:08,742 - INFO - Analyzing patterns for wallet 148/750
2024-12-03 14:56:08,743 - INFO - Analyzing patterns for wallet 149/750
2024-12-03 14:56:08,744 - INFO - Analyzing patterns for wallet 150/750
2024-12-03 14:56:08,750 - INFO - Analyzing patterns for wallet 151/750
2024-12-03 14:56:08,756 - INFO - Analyzing patterns for wallet 152/750
2024-12-03 14:56:08,757 - INFO - Analyzing patterns for wallet 153/750
2024-12-03 14:56:08,758 - INFO - Analyzing patterns for wallet 154/750
2024-12-03 14:56:08,758 - INFO - Analyzing patterns for wallet 155/750
2024-12-03 14:56:08,759 - INFO - Analyzing patterns for wallet 156/750
2024-12-03 14:56:08,761 - INFO - Analyzing patterns for wallet 157/750
2024-12-03 14:56:08,762 - INFO - Analyzing patterns for wallet 158/750
2024-12-03 14:56:08,763 - INFO - Analyzing patterns for wallet 159/750
2024-12-03 14:56:08,764 - INFO - Analyzing patterns for wallet 160/750
2024-12-03 14:56:08,765 - INFO - Analyzing patterns for wallet 161/750
2024-12-03 14:56:08,766 - INFO - Analyzing patterns for wallet 162/750
2024-12-03 14:56:08,766 - INFO - Analyzing patterns for wallet 163/750
2024-12-03 14:56:08,772 - INFO - Analyzing patterns for wallet 164/750
2024-12-03 14:56:08,773 - INFO - Analyzing patterns for wallet 165/750
2024-12-03 14:56:08,774 - INFO - Analyzing patterns for wallet 166/750
2024-12-03 14:56:08,774 - INFO - Analyzing patterns for wallet 167/750
2024-12-03 14:56:08,775 - INFO - Analyzing patterns for wallet 168/750
2024-12-03 14:56:08,776 - INFO - Analyzing patterns for wallet 169/750
2024-12-03 14:56:08,777 - INFO - Analyzing patterns for wallet 170/750
2024-12-03 14:56:08,777 - INFO - Analyzing patterns for wallet 171/750
2024-12-03 14:56:08,778 - INFO - Analyzing patterns for wallet 172/750
2024-12-03 14:56:08,778 - INFO - Analyzing patterns for wallet 173/750
2024-12-03 14:56:08,780 - INFO - Analyzing patterns for wallet 174/750
2024-12-03 14:56:08,791 - INFO - Analyzing patterns for wallet 175/750
2024-12-03 14:56:08,792 - INFO - Analyzing patterns for wallet 176/750
2024-12-03 14:56:08,792 - INFO - Analyzing patterns for wallet 177/750
2024-12-03 14:56:08,793 - INFO - Analyzing patterns for wallet 178/750
2024-12-03 14:56:08,793 - INFO - Analyzing patterns for wallet 179/750
2024-12-03 14:56:08,794 - INFO - Analyzing patterns for wallet 180/750
2024-12-03 14:56:08,795 - INFO - Analyzing patterns for wallet 181/750
2024-12-03 14:56:08,795 - INFO - Analyzing patterns for wallet 182/750
2024-12-03 14:56:08,796 - INFO - Analyzing patterns for wallet 183/750
2024-12-03 14:56:08,796 - INFO - Analyzing patterns for wallet 184/750
2024-12-03 14:56:08,797 - INFO - Analyzing patterns for wallet 185/750
2024-12-03 14:56:08,798 - INFO - Analyzing patterns for wallet 186/750
2024-12-03 14:56:08,798 - INFO - Analyzing patterns for wallet 187/750
2024-12-03 14:56:08,799 - INFO - Analyzing patterns for wallet 188/750
2024-12-03 14:56:08,799 - INFO - Analyzing patterns for wallet 189/750
2024-12-03 14:56:08,800 - INFO - Analyzing patterns for wallet 190/750
2024-12-03 14:56:08,801 - INFO - Analyzing patterns for wallet 191/750
2024-12-03 14:56:08,802 - INFO - Analyzing patterns for wallet 192/750
2024-12-03 14:56:08,804 - INFO - Analyzing patterns for wallet 193/750
2024-12-03 14:56:08,806 - INFO - Analyzing patterns for wallet 194/750
2024-12-03 14:56:08,807 - INFO - Analyzing patterns for wallet 195/750
2024-12-03 14:56:08,807 - INFO - Analyzing patterns for wallet 196/750
2024-12-03 14:56:08,807 - INFO - Analyzing patterns for wallet 197/750
2024-12-03 14:56:08,808 - INFO - Analyzing patterns for wallet 198/750
2024-12-03 14:56:08,808 - INFO - Analyzing patterns for wallet 199/750
2024-12-03 14:56:08,809 - INFO - Analyzing patterns for wallet 200/750
2024-12-03 14:56:08,813 - INFO - Analyzing patterns for wallet 201/750
2024-12-03 14:56:08,815 - INFO - Analyzing patterns for wallet 202/750
2024-12-03 14:56:08,816 - INFO - Analyzing patterns for wallet 203/750
2024-12-03 14:56:08,817 - INFO - Analyzing patterns for wallet 204/750
2024-12-03 14:56:08,818 - INFO - Analyzing patterns for wallet 205/750
2024-12-03 14:56:08,818 - INFO - Analyzing patterns for wallet 206/750
2024-12-03 14:56:08,819 - INFO - Analyzing patterns for wallet 207/750
2024-12-03 14:56:08,822 - INFO - Analyzing patterns for wallet 208/750
2024-12-03 14:56:08,823 - INFO - Analyzing patterns for wallet 209/750
2024-12-03 14:56:08,824 - INFO - Analyzing patterns for wallet 210/750
2024-12-03 14:56:08,824 - INFO - Analyzing patterns for wallet 211/750
2024-12-03 14:56:08,825 - INFO - Analyzing patterns for wallet 212/750
2024-12-03 14:56:08,826 - INFO - Analyzing patterns for wallet 213/750
2024-12-03 14:56:08,826 - INFO - Analyzing patterns for wallet 214/750
2024-12-03 14:56:08,827 - INFO - Analyzing patterns for wallet 215/750
2024-12-03 14:56:08,827 - INFO - Analyzing patterns for wallet 216/750
2024-12-03 14:56:08,828 - INFO - Analyzing patterns for wallet 217/750
2024-12-03 14:56:08,828 - INFO - Analyzing patterns for wallet 218/750
2024-12-03 14:56:08,830 - INFO - Analyzing patterns for wallet 219/750
2024-12-03 14:56:08,831 - INFO - Analyzing patterns for wallet 220/750
2024-12-03 14:56:08,831 - INFO - Analyzing patterns for wallet 221/750
2024-12-03 14:56:08,832 - INFO - Analyzing patterns for wallet 222/750
2024-12-03 14:56:08,833 - INFO - Analyzing patterns for wallet 223/750
2024-12-03 14:56:08,833 - INFO - Analyzing patterns for wallet 224/750
2024-12-03 14:56:08,834 - INFO - Analyzing patterns for wallet 225/750
2024-12-03 14:56:08,835 - INFO - Analyzing patterns for wallet 226/750
2024-12-03 14:56:08,846 - INFO - Analyzing patterns for wallet 227/750
2024-12-03 14:56:08,847 - INFO - Analyzing patterns for wallet 228/750
2024-12-03 14:56:08,848 - INFO - Analyzing patterns for wallet 229/750
2024-12-03 14:56:08,849 - INFO - Analyzing patterns for wallet 230/750
2024-12-03 14:56:08,850 - INFO - Analyzing patterns for wallet 231/750
2024-12-03 14:56:08,850 - INFO - Analyzing patterns for wallet 232/750
2024-12-03 14:56:08,851 - INFO - Analyzing patterns for wallet 233/750
2024-12-03 14:56:08,851 - INFO - Analyzing patterns for wallet 234/750
2024-12-03 14:56:08,852 - INFO - Analyzing patterns for wallet 235/750
2024-12-03 14:56:08,856 - INFO - Analyzing patterns for wallet 236/750
2024-12-03 14:56:08,857 - INFO - Analyzing patterns for wallet 237/750
2024-12-03 14:56:08,857 - INFO - Analyzing patterns for wallet 238/750
2024-12-03 14:56:08,858 - INFO - Analyzing patterns for wallet 239/750
2024-12-03 14:56:08,859 - INFO - Analyzing patterns for wallet 240/750
2024-12-03 14:56:08,859 - INFO - Analyzing patterns for wallet 241/750
2024-12-03 14:56:08,860 - INFO - Analyzing patterns for wallet 242/750
2024-12-03 14:56:08,860 - INFO - Analyzing patterns for wallet 243/750
2024-12-03 14:56:08,861 - INFO - Analyzing patterns for wallet 244/750
2024-12-03 14:56:08,861 - INFO - Analyzing patterns for wallet 245/750
2024-12-03 14:56:08,862 - INFO - Analyzing patterns for wallet 246/750
2024-12-03 14:56:08,863 - INFO - Analyzing patterns for wallet 247/750
2024-12-03 14:56:08,864 - INFO - Analyzing patterns for wallet 248/750
2024-12-03 14:56:08,864 - INFO - Analyzing patterns for wallet 249/750
2024-12-03 14:56:08,865 - INFO - Analyzing patterns for wallet 250/750
2024-12-03 14:56:08,873 - INFO - Analyzing patterns for wallet 251/750
2024-12-03 14:56:08,874 - INFO - Analyzing patterns for wallet 252/750
2024-12-03 14:56:08,875 - INFO - Analyzing patterns for wallet 253/750
2024-12-03 14:56:08,876 - INFO - Analyzing patterns for wallet 254/750
2024-12-03 14:56:08,876 - INFO - Analyzing patterns for wallet 255/750
2024-12-03 14:56:08,877 - INFO - Analyzing patterns for wallet 256/750
2024-12-03 14:56:08,878 - INFO - Analyzing patterns for wallet 257/750
2024-12-03 14:56:08,878 - INFO - Analyzing patterns for wallet 258/750
2024-12-03 14:56:08,879 - INFO - Analyzing patterns for wallet 259/750
2024-12-03 14:56:08,881 - INFO - Analyzing patterns for wallet 260/750
2024-12-03 14:56:08,882 - INFO - Analyzing patterns for wallet 261/750
2024-12-03 14:56:08,882 - INFO - Analyzing patterns for wallet 262/750
2024-12-03 14:56:08,883 - INFO - Analyzing patterns for wallet 263/750
2024-12-03 14:56:08,884 - INFO - Analyzing patterns for wallet 264/750
2024-12-03 14:56:08,884 - INFO - Analyzing patterns for wallet 265/750
2024-12-03 14:56:08,886 - INFO - Analyzing patterns for wallet 266/750
2024-12-03 14:56:08,888 - INFO - Analyzing patterns for wallet 267/750
2024-12-03 14:56:08,889 - INFO - Analyzing patterns for wallet 268/750
2024-12-03 14:56:08,890 - INFO - Analyzing patterns for wallet 269/750
2024-12-03 14:56:08,890 - INFO - Analyzing patterns for wallet 270/750
2024-12-03 14:56:08,892 - INFO - Analyzing patterns for wallet 271/750
2024-12-03 14:56:08,893 - INFO - Analyzing patterns for wallet 272/750
2024-12-03 14:56:08,893 - INFO - Analyzing patterns for wallet 273/750
2024-12-03 14:56:08,894 - INFO - Analyzing patterns for wallet 274/750
2024-12-03 14:56:08,894 - INFO - Analyzing patterns for wallet 275/750
2024-12-03 14:56:08,895 - INFO - Analyzing patterns for wallet 276/750
2024-12-03 14:56:08,895 - INFO - Analyzing patterns for wallet 277/750
2024-12-03 14:56:08,896 - INFO - Analyzing patterns for wallet 278/750
2024-12-03 14:56:08,897 - INFO - Analyzing patterns for wallet 279/750
2024-12-03 14:56:08,898 - INFO - Analyzing patterns for wallet 280/750
2024-12-03 14:56:08,899 - INFO - Analyzing patterns for wallet 281/750
2024-12-03 14:56:08,899 - INFO - Analyzing patterns for wallet 282/750
2024-12-03 14:56:08,900 - INFO - Analyzing patterns for wallet 283/750
2024-12-03 14:56:08,904 - INFO - Analyzing patterns for wallet 284/750
2024-12-03 14:56:08,913 - INFO - Analyzing patterns for wallet 285/750
2024-12-03 14:56:08,914 - INFO - Analyzing patterns for wallet 286/750
2024-12-03 14:56:08,915 - INFO - Analyzing patterns for wallet 287/750
2024-12-03 14:56:08,915 - INFO - Analyzing patterns for wallet 288/750
2024-12-03 14:56:08,916 - INFO - Analyzing patterns for wallet 289/750
2024-12-03 14:56:08,916 - INFO - Analyzing patterns for wallet 290/750
2024-12-03 14:56:08,918 - INFO - Analyzing patterns for wallet 291/750
2024-12-03 14:56:08,919 - INFO - Analyzing patterns for wallet 292/750
2024-12-03 14:56:08,922 - INFO - Analyzing patterns for wallet 293/750
2024-12-03 14:56:08,923 - INFO - Analyzing patterns for wallet 294/750
2024-12-03 14:56:08,923 - INFO - Analyzing patterns for wallet 295/750
2024-12-03 14:56:08,924 - INFO - Analyzing patterns for wallet 296/750
2024-12-03 14:56:08,925 - INFO - Analyzing patterns for wallet 297/750
2024-12-03 14:56:08,925 - INFO - Analyzing patterns for wallet 298/750
2024-12-03 14:56:08,926 - INFO - Analyzing patterns for wallet 299/750
2024-12-03 14:56:08,926 - INFO - Analyzing patterns for wallet 300/750
2024-12-03 14:56:08,939 - INFO - Analyzing patterns for wallet 301/750
2024-12-03 14:56:08,940 - INFO - Analyzing patterns for wallet 302/750
2024-12-03 14:56:08,940 - INFO - Analyzing patterns for wallet 303/750
2024-12-03 14:56:08,941 - INFO - Analyzing patterns for wallet 304/750
2024-12-03 14:56:08,941 - INFO - Analyzing patterns for wallet 305/750
2024-12-03 14:56:08,942 - INFO - Analyzing patterns for wallet 306/750
2024-12-03 14:56:08,944 - INFO - Analyzing patterns for wallet 307/750
2024-12-03 14:56:08,944 - INFO - Analyzing patterns for wallet 308/750
2024-12-03 14:56:08,944 - INFO - Analyzing patterns for wallet 309/750
2024-12-03 14:56:08,945 - INFO - Analyzing patterns for wallet 310/750
2024-12-03 14:56:08,946 - INFO - Analyzing patterns for wallet 311/750
2024-12-03 14:56:08,947 - INFO - Analyzing patterns for wallet 312/750
2024-12-03 14:56:08,947 - INFO - Analyzing patterns for wallet 313/750
2024-12-03 14:56:08,948 - INFO - Analyzing patterns for wallet 314/750
2024-12-03 14:56:08,949 - INFO - Analyzing patterns for wallet 315/750
2024-12-03 14:56:08,949 - INFO - Analyzing patterns for wallet 316/750
2024-12-03 14:56:08,950 - INFO - Analyzing patterns for wallet 317/750
2024-12-03 14:56:08,950 - INFO - Analyzing patterns for wallet 318/750
2024-12-03 14:56:08,953 - INFO - Analyzing patterns for wallet 319/750
2024-12-03 14:56:08,955 - INFO - Analyzing patterns for wallet 320/750
2024-12-03 14:56:08,956 - INFO - Analyzing patterns for wallet 321/750
2024-12-03 14:56:08,957 - INFO - Analyzing patterns for wallet 322/750
2024-12-03 14:56:08,958 - INFO - Analyzing patterns for wallet 323/750
2024-12-03 14:56:08,959 - INFO - Analyzing patterns for wallet 324/750
2024-12-03 14:56:08,959 - INFO - Analyzing patterns for wallet 325/750
2024-12-03 14:56:08,960 - INFO - Analyzing patterns for wallet 326/750
2024-12-03 14:56:08,960 - INFO - Analyzing patterns for wallet 327/750
2024-12-03 14:56:08,961 - INFO - Analyzing patterns for wallet 328/750
2024-12-03 14:56:08,962 - INFO - Analyzing patterns for wallet 329/750
2024-12-03 14:56:08,962 - INFO - Analyzing patterns for wallet 330/750
2024-12-03 14:56:08,963 - INFO - Analyzing patterns for wallet 331/750
2024-12-03 14:56:08,964 - INFO - Analyzing patterns for wallet 332/750
2024-12-03 14:56:08,964 - INFO - Analyzing patterns for wallet 333/750
2024-12-03 14:56:08,965 - INFO - Analyzing patterns for wallet 334/750
2024-12-03 14:56:08,965 - INFO - Analyzing patterns for wallet 335/750
2024-12-03 14:56:08,977 - INFO - Analyzing patterns for wallet 336/750
2024-12-03 14:56:08,978 - INFO - Analyzing patterns for wallet 337/750
2024-12-03 14:56:08,978 - INFO - Analyzing patterns for wallet 338/750
2024-12-03 14:56:08,979 - INFO - Analyzing patterns for wallet 339/750
2024-12-03 14:56:08,980 - INFO - Analyzing patterns for wallet 340/750
2024-12-03 14:56:08,981 - INFO - Analyzing patterns for wallet 341/750
2024-12-03 14:56:08,981 - INFO - Analyzing patterns for wallet 342/750
2024-12-03 14:56:08,982 - INFO - Analyzing patterns for wallet 343/750
2024-12-03 14:56:08,983 - INFO - Analyzing patterns for wallet 344/750
2024-12-03 14:56:08,983 - INFO - Analyzing patterns for wallet 345/750
2024-12-03 14:56:08,984 - INFO - Analyzing patterns for wallet 346/750
2024-12-03 14:56:08,984 - INFO - Analyzing patterns for wallet 347/750
2024-12-03 14:56:08,985 - INFO - Analyzing patterns for wallet 348/750
2024-12-03 14:56:08,990 - INFO - Analyzing patterns for wallet 349/750
2024-12-03 14:56:08,991 - INFO - Analyzing patterns for wallet 350/750
2024-12-03 14:56:08,997 - INFO - Analyzing patterns for wallet 351/750
2024-12-03 14:56:08,998 - INFO - Analyzing patterns for wallet 352/750
2024-12-03 14:56:08,998 - INFO - Analyzing patterns for wallet 353/750
2024-12-03 14:56:08,999 - INFO - Analyzing patterns for wallet 354/750
2024-12-03 14:56:09,000 - INFO - Analyzing patterns for wallet 355/750
2024-12-03 14:56:09,000 - INFO - Analyzing patterns for wallet 356/750
2024-12-03 14:56:09,001 - INFO - Analyzing patterns for wallet 357/750
2024-12-03 14:56:09,002 - INFO - Analyzing patterns for wallet 358/750
2024-12-03 14:56:09,006 - INFO - Analyzing patterns for wallet 359/750
2024-12-03 14:56:09,007 - INFO - Analyzing patterns for wallet 360/750
2024-12-03 14:56:09,008 - INFO - Analyzing patterns for wallet 361/750
2024-12-03 14:56:09,009 - INFO - Analyzing patterns for wallet 362/750
2024-12-03 14:56:09,010 - INFO - Analyzing patterns for wallet 363/750
2024-12-03 14:56:09,012 - INFO - Analyzing patterns for wallet 364/750
2024-12-03 14:56:09,013 - INFO - Analyzing patterns for wallet 365/750
2024-12-03 14:56:09,014 - INFO - Analyzing patterns for wallet 366/750
2024-12-03 14:56:09,015 - INFO - Analyzing patterns for wallet 367/750
2024-12-03 14:56:09,016 - INFO - Analyzing patterns for wallet 368/750
2024-12-03 14:56:09,017 - INFO - Analyzing patterns for wallet 369/750
2024-12-03 14:56:09,023 - INFO - Analyzing patterns for wallet 370/750
2024-12-03 14:56:09,024 - INFO - Analyzing patterns for wallet 371/750
2024-12-03 14:56:09,025 - INFO - Analyzing patterns for wallet 372/750
2024-12-03 14:56:09,027 - INFO - Analyzing patterns for wallet 373/750
2024-12-03 14:56:09,028 - INFO - Analyzing patterns for wallet 374/750
2024-12-03 14:56:09,029 - INFO - Analyzing patterns for wallet 375/750
2024-12-03 14:56:09,030 - INFO - Analyzing patterns for wallet 376/750
2024-12-03 14:56:09,030 - INFO - Analyzing patterns for wallet 377/750
2024-12-03 14:56:09,031 - INFO - Analyzing patterns for wallet 378/750
2024-12-03 14:56:09,032 - INFO - Analyzing patterns for wallet 379/750
2024-12-03 14:56:09,033 - INFO - Analyzing patterns for wallet 380/750
2024-12-03 14:56:09,038 - INFO - Analyzing patterns for wallet 381/750
2024-12-03 14:56:09,041 - INFO - Analyzing patterns for wallet 382/750
2024-12-03 14:56:09,042 - INFO - Analyzing patterns for wallet 383/750
2024-12-03 14:56:09,042 - INFO - Analyzing patterns for wallet 384/750
2024-12-03 14:56:09,043 - INFO - Analyzing patterns for wallet 385/750
2024-12-03 14:56:09,043 - INFO - Analyzing patterns for wallet 386/750
2024-12-03 14:56:09,044 - INFO - Analyzing patterns for wallet 387/750
2024-12-03 14:56:09,045 - INFO - Analyzing patterns for wallet 388/750
2024-12-03 14:56:09,045 - INFO - Analyzing patterns for wallet 389/750
2024-12-03 14:56:09,046 - INFO - Analyzing patterns for wallet 390/750
2024-12-03 14:56:09,048 - INFO - Analyzing patterns for wallet 391/750
2024-12-03 14:56:09,049 - INFO - Analyzing patterns for wallet 392/750
2024-12-03 14:56:09,049 - INFO - Analyzing patterns for wallet 393/750
2024-12-03 14:56:09,050 - INFO - Analyzing patterns for wallet 394/750
2024-12-03 14:56:09,051 - INFO - Analyzing patterns for wallet 395/750
2024-12-03 14:56:09,055 - INFO - Analyzing patterns for wallet 396/750
2024-12-03 14:56:09,057 - INFO - Analyzing patterns for wallet 397/750
2024-12-03 14:56:09,060 - INFO - Analyzing patterns for wallet 398/750
2024-12-03 14:56:09,061 - INFO - Analyzing patterns for wallet 399/750
2024-12-03 14:56:09,062 - INFO - Analyzing patterns for wallet 400/750
2024-12-03 14:56:09,072 - INFO - Analyzing patterns for wallet 401/750
2024-12-03 14:56:09,073 - INFO - Analyzing patterns for wallet 402/750
2024-12-03 14:56:09,075 - INFO - Analyzing patterns for wallet 403/750
2024-12-03 14:56:09,076 - INFO - Analyzing patterns for wallet 404/750
2024-12-03 14:56:09,076 - INFO - Analyzing patterns for wallet 405/750
2024-12-03 14:56:09,077 - INFO - Analyzing patterns for wallet 406/750
2024-12-03 14:56:09,077 - INFO - Analyzing patterns for wallet 407/750
2024-12-03 14:56:09,078 - INFO - Analyzing patterns for wallet 408/750
2024-12-03 14:56:09,079 - INFO - Analyzing patterns for wallet 409/750
2024-12-03 14:56:09,081 - INFO - Analyzing patterns for wallet 410/750
2024-12-03 14:56:09,081 - INFO - Analyzing patterns for wallet 411/750
2024-12-03 14:56:09,082 - INFO - Analyzing patterns for wallet 412/750
2024-12-03 14:56:09,084 - INFO - Analyzing patterns for wallet 413/750
2024-12-03 14:56:09,088 - INFO - Analyzing patterns for wallet 414/750
2024-12-03 14:56:09,090 - INFO - Analyzing patterns for wallet 415/750
2024-12-03 14:56:09,091 - INFO - Analyzing patterns for wallet 416/750
2024-12-03 14:56:09,093 - INFO - Analyzing patterns for wallet 417/750
2024-12-03 14:56:09,094 - INFO - Analyzing patterns for wallet 418/750
2024-12-03 14:56:09,095 - INFO - Analyzing patterns for wallet 419/750
2024-12-03 14:56:09,096 - INFO - Analyzing patterns for wallet 420/750
2024-12-03 14:56:09,097 - INFO - Analyzing patterns for wallet 421/750
2024-12-03 14:56:09,099 - INFO - Analyzing patterns for wallet 422/750
2024-12-03 14:56:09,101 - INFO - Analyzing patterns for wallet 423/750
2024-12-03 14:56:09,101 - INFO - Analyzing patterns for wallet 424/750
2024-12-03 14:56:09,106 - INFO - Analyzing patterns for wallet 425/750
2024-12-03 14:56:09,107 - INFO - Analyzing patterns for wallet 426/750
2024-12-03 14:56:09,108 - INFO - Analyzing patterns for wallet 427/750
2024-12-03 14:56:09,109 - INFO - Analyzing patterns for wallet 428/750
2024-12-03 14:56:09,109 - INFO - Analyzing patterns for wallet 429/750
2024-12-03 14:56:09,110 - INFO - Analyzing patterns for wallet 430/750
2024-12-03 14:56:09,111 - INFO - Analyzing patterns for wallet 431/750
2024-12-03 14:56:09,111 - INFO - Analyzing patterns for wallet 432/750
2024-12-03 14:56:09,112 - INFO - Analyzing patterns for wallet 433/750
2024-12-03 14:56:09,113 - INFO - Analyzing patterns for wallet 434/750
2024-12-03 14:56:09,115 - INFO - Analyzing patterns for wallet 435/750
2024-12-03 14:56:09,116 - INFO - Analyzing patterns for wallet 436/750
2024-12-03 14:56:09,117 - INFO - Analyzing patterns for wallet 437/750
2024-12-03 14:56:09,117 - INFO - Analyzing patterns for wallet 438/750
2024-12-03 14:56:09,118 - INFO - Analyzing patterns for wallet 439/750
2024-12-03 14:56:09,121 - INFO - Analyzing patterns for wallet 440/750
2024-12-03 14:56:09,123 - INFO - Analyzing patterns for wallet 441/750
2024-12-03 14:56:09,124 - INFO - Analyzing patterns for wallet 442/750
2024-12-03 14:56:09,125 - INFO - Analyzing patterns for wallet 443/750
2024-12-03 14:56:09,126 - INFO - Analyzing patterns for wallet 444/750
2024-12-03 14:56:09,127 - INFO - Analyzing patterns for wallet 445/750
2024-12-03 14:56:09,128 - INFO - Analyzing patterns for wallet 446/750
2024-12-03 14:56:09,130 - INFO - Analyzing patterns for wallet 447/750
2024-12-03 14:56:09,131 - INFO - Analyzing patterns for wallet 448/750
2024-12-03 14:56:09,132 - INFO - Analyzing patterns for wallet 449/750
2024-12-03 14:56:09,139 - INFO - Analyzing patterns for wallet 450/750
2024-12-03 14:56:09,147 - INFO - Analyzing patterns for wallet 451/750
2024-12-03 14:56:09,148 - INFO - Analyzing patterns for wallet 452/750
2024-12-03 14:56:09,149 - INFO - Analyzing patterns for wallet 453/750
2024-12-03 14:56:09,150 - INFO - Analyzing patterns for wallet 454/750
2024-12-03 14:56:09,150 - INFO - Analyzing patterns for wallet 455/750
2024-12-03 14:56:09,152 - INFO - Analyzing patterns for wallet 456/750
2024-12-03 14:56:09,156 - INFO - Analyzing patterns for wallet 457/750
2024-12-03 14:56:09,157 - INFO - Analyzing patterns for wallet 458/750
2024-12-03 14:56:09,158 - INFO - Analyzing patterns for wallet 459/750
2024-12-03 14:56:09,159 - INFO - Analyzing patterns for wallet 460/750
2024-12-03 14:56:09,159 - INFO - Analyzing patterns for wallet 461/750
2024-12-03 14:56:09,160 - INFO - Analyzing patterns for wallet 462/750
2024-12-03 14:56:09,161 - INFO - Analyzing patterns for wallet 463/750
2024-12-03 14:56:09,161 - INFO - Analyzing patterns for wallet 464/750
2024-12-03 14:56:09,162 - INFO - Analyzing patterns for wallet 465/750
2024-12-03 14:56:09,163 - INFO - Analyzing patterns for wallet 466/750
2024-12-03 14:56:09,164 - INFO - Analyzing patterns for wallet 467/750
2024-12-03 14:56:09,164 - INFO - Analyzing patterns for wallet 468/750
2024-12-03 14:56:09,165 - INFO - Analyzing patterns for wallet 469/750
2024-12-03 14:56:09,166 - INFO - Analyzing patterns for wallet 470/750
2024-12-03 14:56:09,166 - INFO - Analyzing patterns for wallet 471/750
2024-12-03 14:56:09,167 - INFO - Analyzing patterns for wallet 472/750
2024-12-03 14:56:09,169 - INFO - Analyzing patterns for wallet 473/750
2024-12-03 14:56:09,171 - INFO - Analyzing patterns for wallet 474/750
2024-12-03 14:56:09,172 - INFO - Analyzing patterns for wallet 475/750
2024-12-03 14:56:09,174 - INFO - Analyzing patterns for wallet 476/750
2024-12-03 14:56:09,175 - INFO - Analyzing patterns for wallet 477/750
2024-12-03 14:56:09,176 - INFO - Analyzing patterns for wallet 478/750
2024-12-03 14:56:09,177 - INFO - Analyzing patterns for wallet 479/750
2024-12-03 14:56:09,177 - INFO - Analyzing patterns for wallet 480/750
2024-12-03 14:56:09,178 - INFO - Analyzing patterns for wallet 481/750
2024-12-03 14:56:09,179 - INFO - Analyzing patterns for wallet 482/750
2024-12-03 14:56:09,180 - INFO - Analyzing patterns for wallet 483/750
2024-12-03 14:56:09,181 - INFO - Analyzing patterns for wallet 484/750
2024-12-03 14:56:09,182 - INFO - Analyzing patterns for wallet 485/750
2024-12-03 14:56:09,182 - INFO - Analyzing patterns for wallet 486/750
2024-12-03 14:56:09,183 - INFO - Analyzing patterns for wallet 487/750
2024-12-03 14:56:09,184 - INFO - Analyzing patterns for wallet 488/750
2024-12-03 14:56:09,184 - INFO - Analyzing patterns for wallet 489/750
2024-12-03 14:56:09,186 - INFO - Analyzing patterns for wallet 490/750
2024-12-03 14:56:09,188 - INFO - Analyzing patterns for wallet 491/750
2024-12-03 14:56:09,189 - INFO - Analyzing patterns for wallet 492/750
2024-12-03 14:56:09,190 - INFO - Analyzing patterns for wallet 493/750
2024-12-03 14:56:09,192 - INFO - Analyzing patterns for wallet 494/750
2024-12-03 14:56:09,193 - INFO - Analyzing patterns for wallet 495/750
2024-12-03 14:56:09,194 - INFO - Analyzing patterns for wallet 496/750
2024-12-03 14:56:09,194 - INFO - Analyzing patterns for wallet 497/750
2024-12-03 14:56:09,195 - INFO - Analyzing patterns for wallet 498/750
2024-12-03 14:56:09,196 - INFO - Analyzing patterns for wallet 499/750
2024-12-03 14:56:09,197 - INFO - Analyzing patterns for wallet 500/750
2024-12-03 14:56:09,207 - INFO - Analyzing patterns for wallet 501/750
2024-12-03 14:56:09,208 - INFO - Analyzing patterns for wallet 502/750
2024-12-03 14:56:09,209 - INFO - Analyzing patterns for wallet 503/750
2024-12-03 14:56:09,211 - INFO - Analyzing patterns for wallet 504/750
2024-12-03 14:56:09,212 - INFO - Analyzing patterns for wallet 505/750
2024-12-03 14:56:09,213 - INFO - Analyzing patterns for wallet 506/750
2024-12-03 14:56:09,213 - INFO - Analyzing patterns for wallet 507/750
2024-12-03 14:56:09,214 - INFO - Analyzing patterns for wallet 508/750
2024-12-03 14:56:09,216 - INFO - Analyzing patterns for wallet 509/750
2024-12-03 14:56:09,217 - INFO - Analyzing patterns for wallet 510/750
2024-12-03 14:56:09,227 - INFO - Analyzing patterns for wallet 511/750
2024-12-03 14:56:09,228 - INFO - Analyzing patterns for wallet 512/750
2024-12-03 14:56:09,229 - INFO - Analyzing patterns for wallet 513/750
2024-12-03 14:56:09,231 - INFO - Analyzing patterns for wallet 514/750
2024-12-03 14:56:09,232 - INFO - Analyzing patterns for wallet 515/750
2024-12-03 14:56:09,233 - INFO - Analyzing patterns for wallet 516/750
2024-12-03 14:56:09,233 - INFO - Analyzing patterns for wallet 517/750
2024-12-03 14:56:09,234 - INFO - Analyzing patterns for wallet 518/750
2024-12-03 14:56:09,239 - INFO - Analyzing patterns for wallet 519/750
2024-12-03 14:56:09,240 - INFO - Analyzing patterns for wallet 520/750
2024-12-03 14:56:09,241 - INFO - Analyzing patterns for wallet 521/750
2024-12-03 14:56:09,242 - INFO - Analyzing patterns for wallet 522/750
2024-12-03 14:56:09,243 - INFO - Analyzing patterns for wallet 523/750
2024-12-03 14:56:09,244 - INFO - Analyzing patterns for wallet 524/750
2024-12-03 14:56:09,245 - INFO - Analyzing patterns for wallet 525/750
2024-12-03 14:56:09,246 - INFO - Analyzing patterns for wallet 526/750
2024-12-03 14:56:09,247 - INFO - Analyzing patterns for wallet 527/750
2024-12-03 14:56:09,248 - INFO - Analyzing patterns for wallet 528/750
2024-12-03 14:56:09,248 - INFO - Analyzing patterns for wallet 529/750
2024-12-03 14:56:09,249 - INFO - Analyzing patterns for wallet 530/750
2024-12-03 14:56:09,250 - INFO - Analyzing patterns for wallet 531/750
2024-12-03 14:56:09,253 - INFO - Analyzing patterns for wallet 532/750
2024-12-03 14:56:09,255 - INFO - Analyzing patterns for wallet 533/750
2024-12-03 14:56:09,257 - INFO - Analyzing patterns for wallet 534/750
2024-12-03 14:56:09,258 - INFO - Analyzing patterns for wallet 535/750
2024-12-03 14:56:09,259 - INFO - Analyzing patterns for wallet 536/750
2024-12-03 14:56:09,259 - INFO - Analyzing patterns for wallet 537/750
2024-12-03 14:56:09,260 - INFO - Analyzing patterns for wallet 538/750
2024-12-03 14:56:09,261 - INFO - Analyzing patterns for wallet 539/750
2024-12-03 14:56:09,262 - INFO - Analyzing patterns for wallet 540/750
2024-12-03 14:56:09,264 - INFO - Analyzing patterns for wallet 541/750
2024-12-03 14:56:09,266 - INFO - Analyzing patterns for wallet 542/750
2024-12-03 14:56:09,268 - INFO - Analyzing patterns for wallet 543/750
2024-12-03 14:56:09,274 - INFO - Analyzing patterns for wallet 544/750
2024-12-03 14:56:09,275 - INFO - Analyzing patterns for wallet 545/750
2024-12-03 14:56:09,276 - INFO - Analyzing patterns for wallet 546/750
2024-12-03 14:56:09,276 - INFO - Analyzing patterns for wallet 547/750
2024-12-03 14:56:09,277 - INFO - Analyzing patterns for wallet 548/750
2024-12-03 14:56:09,278 - INFO - Analyzing patterns for wallet 549/750
2024-12-03 14:56:09,279 - INFO - Analyzing patterns for wallet 550/750
2024-12-03 14:56:09,292 - INFO - Analyzing patterns for wallet 551/750
2024-12-03 14:56:09,293 - INFO - Analyzing patterns for wallet 552/750
2024-12-03 14:56:09,293 - INFO - Analyzing patterns for wallet 553/750
2024-12-03 14:56:09,294 - INFO - Analyzing patterns for wallet 554/750
2024-12-03 14:56:09,295 - INFO - Analyzing patterns for wallet 555/750
2024-12-03 14:56:09,295 - INFO - Analyzing patterns for wallet 556/750
2024-12-03 14:56:09,296 - INFO - Analyzing patterns for wallet 557/750
2024-12-03 14:56:09,297 - INFO - Analyzing patterns for wallet 558/750
2024-12-03 14:56:09,299 - INFO - Analyzing patterns for wallet 559/750
2024-12-03 14:56:09,299 - INFO - Analyzing patterns for wallet 560/750
2024-12-03 14:56:09,300 - INFO - Analyzing patterns for wallet 561/750
2024-12-03 14:56:09,301 - INFO - Analyzing patterns for wallet 562/750
2024-12-03 14:56:09,301 - INFO - Analyzing patterns for wallet 563/750
2024-12-03 14:56:09,305 - INFO - Analyzing patterns for wallet 564/750
2024-12-03 14:56:09,306 - INFO - Analyzing patterns for wallet 565/750
2024-12-03 14:56:09,307 - INFO - Analyzing patterns for wallet 566/750
2024-12-03 14:56:09,308 - INFO - Analyzing patterns for wallet 567/750
2024-12-03 14:56:09,309 - INFO - Analyzing patterns for wallet 568/750
2024-12-03 14:56:09,309 - INFO - Analyzing patterns for wallet 569/750
2024-12-03 14:56:09,310 - INFO - Analyzing patterns for wallet 570/750
2024-12-03 14:56:09,311 - INFO - Analyzing patterns for wallet 571/750
2024-12-03 14:56:09,311 - INFO - Analyzing patterns for wallet 572/750
2024-12-03 14:56:09,312 - INFO - Analyzing patterns for wallet 573/750
2024-12-03 14:56:09,313 - INFO - Analyzing patterns for wallet 574/750
2024-12-03 14:56:09,314 - INFO - Analyzing patterns for wallet 575/750
2024-12-03 14:56:09,315 - INFO - Analyzing patterns for wallet 576/750
2024-12-03 14:56:09,316 - INFO - Analyzing patterns for wallet 577/750
2024-12-03 14:56:09,316 - INFO - Analyzing patterns for wallet 578/750
2024-12-03 14:56:09,317 - INFO - Analyzing patterns for wallet 579/750
2024-12-03 14:56:09,318 - INFO - Analyzing patterns for wallet 580/750
2024-12-03 14:56:09,322 - INFO - Analyzing patterns for wallet 581/750
2024-12-03 14:56:09,324 - INFO - Analyzing patterns for wallet 582/750
2024-12-03 14:56:09,324 - INFO - Analyzing patterns for wallet 583/750
2024-12-03 14:56:09,325 - INFO - Analyzing patterns for wallet 584/750
2024-12-03 14:56:09,326 - INFO - Analyzing patterns for wallet 585/750
2024-12-03 14:56:09,326 - INFO - Analyzing patterns for wallet 586/750
2024-12-03 14:56:09,327 - INFO - Analyzing patterns for wallet 587/750
2024-12-03 14:56:09,328 - INFO - Analyzing patterns for wallet 588/750
2024-12-03 14:56:09,328 - INFO - Analyzing patterns for wallet 589/750
2024-12-03 14:56:09,330 - INFO - Analyzing patterns for wallet 590/750
2024-12-03 14:56:09,331 - INFO - Analyzing patterns for wallet 591/750
2024-12-03 14:56:09,331 - INFO - Analyzing patterns for wallet 592/750
2024-12-03 14:56:09,332 - INFO - Analyzing patterns for wallet 593/750
2024-12-03 14:56:09,333 - INFO - Analyzing patterns for wallet 594/750
2024-12-03 14:56:09,334 - INFO - Analyzing patterns for wallet 595/750
2024-12-03 14:56:09,334 - INFO - Analyzing patterns for wallet 596/750
2024-12-03 14:56:09,335 - INFO - Analyzing patterns for wallet 597/750
2024-12-03 14:56:09,340 - INFO - Analyzing patterns for wallet 598/750
2024-12-03 14:56:09,341 - INFO - Analyzing patterns for wallet 599/750
2024-12-03 14:56:09,342 - INFO - Analyzing patterns for wallet 600/750
2024-12-03 14:56:09,351 - INFO - Analyzing patterns for wallet 601/750
2024-12-03 14:56:09,352 - INFO - Analyzing patterns for wallet 602/750
2024-12-03 14:56:09,356 - INFO - Analyzing patterns for wallet 603/750
2024-12-03 14:56:09,357 - INFO - Analyzing patterns for wallet 604/750
2024-12-03 14:56:09,358 - INFO - Analyzing patterns for wallet 605/750
2024-12-03 14:56:09,359 - INFO - Analyzing patterns for wallet 606/750
2024-12-03 14:56:09,359 - INFO - Analyzing patterns for wallet 607/750
2024-12-03 14:56:09,360 - INFO - Analyzing patterns for wallet 608/750
2024-12-03 14:56:09,361 - INFO - Analyzing patterns for wallet 609/750
2024-12-03 14:56:09,361 - INFO - Analyzing patterns for wallet 610/750
2024-12-03 14:56:09,363 - INFO - Analyzing patterns for wallet 611/750
2024-12-03 14:56:09,365 - INFO - Analyzing patterns for wallet 612/750
2024-12-03 14:56:09,365 - INFO - Analyzing patterns for wallet 613/750
2024-12-03 14:56:09,366 - INFO - Analyzing patterns for wallet 614/750
2024-12-03 14:56:09,367 - INFO - Analyzing patterns for wallet 615/750
2024-12-03 14:56:09,367 - INFO - Analyzing patterns for wallet 616/750
2024-12-03 14:56:09,369 - INFO - Analyzing patterns for wallet 617/750
2024-12-03 14:56:09,373 - INFO - Analyzing patterns for wallet 618/750
2024-12-03 14:56:09,374 - INFO - Analyzing patterns for wallet 619/750
2024-12-03 14:56:09,374 - INFO - Analyzing patterns for wallet 620/750
2024-12-03 14:56:09,406 - INFO - Analyzing patterns for wallet 621/750
2024-12-03 14:56:09,415 - INFO - Analyzing patterns for wallet 622/750
2024-12-03 14:56:09,453 - INFO - Analyzing patterns for wallet 623/750
2024-12-03 14:56:09,463 - INFO - Analyzing patterns for wallet 624/750
2024-12-03 14:56:09,492 - INFO - Analyzing patterns for wallet 625/750
2024-12-03 14:56:09,548 - INFO - Analyzing patterns for wallet 626/750
2024-12-03 14:56:09,559 - INFO - Analyzing patterns for wallet 627/750
2024-12-03 14:56:09,560 - INFO - Analyzing patterns for wallet 628/750
2024-12-03 14:56:09,561 - INFO - Analyzing patterns for wallet 629/750
2024-12-03 14:56:09,562 - INFO - Analyzing patterns for wallet 630/750
2024-12-03 14:56:09,563 - INFO - Analyzing patterns for wallet 631/750
2024-12-03 14:56:09,564 - INFO - Analyzing patterns for wallet 632/750
2024-12-03 14:56:09,564 - INFO - Analyzing patterns for wallet 633/750
2024-12-03 14:56:09,565 - INFO - Analyzing patterns for wallet 634/750
2024-12-03 14:56:09,567 - INFO - Analyzing patterns for wallet 635/750
2024-12-03 14:56:09,568 - INFO - Analyzing patterns for wallet 636/750
2024-12-03 14:56:09,569 - INFO - Analyzing patterns for wallet 637/750
2024-12-03 14:56:09,572 - INFO - Analyzing patterns for wallet 638/750
2024-12-03 14:56:09,573 - INFO - Analyzing patterns for wallet 639/750
2024-12-03 14:56:09,574 - INFO - Analyzing patterns for wallet 640/750
2024-12-03 14:56:09,574 - INFO - Analyzing patterns for wallet 641/750
2024-12-03 14:56:09,576 - INFO - Analyzing patterns for wallet 642/750
2024-12-03 14:56:09,577 - INFO - Analyzing patterns for wallet 643/750
2024-12-03 14:56:09,578 - INFO - Analyzing patterns for wallet 644/750
2024-12-03 14:56:09,578 - INFO - Analyzing patterns for wallet 645/750
2024-12-03 14:56:09,580 - INFO - Analyzing patterns for wallet 646/750
2024-12-03 14:56:09,580 - INFO - Analyzing patterns for wallet 647/750
2024-12-03 14:56:09,581 - INFO - Analyzing patterns for wallet 648/750
2024-12-03 14:56:09,582 - INFO - Analyzing patterns for wallet 649/750
2024-12-03 14:56:09,582 - INFO - Analyzing patterns for wallet 650/750
2024-12-03 14:56:09,599 - INFO - Analyzing patterns for wallet 651/750
2024-12-03 14:56:09,600 - INFO - Analyzing patterns for wallet 652/750
2024-12-03 14:56:09,603 - INFO - Analyzing patterns for wallet 653/750
2024-12-03 14:56:09,606 - INFO - Analyzing patterns for wallet 654/750
2024-12-03 14:56:09,607 - INFO - Analyzing patterns for wallet 655/750
2024-12-03 14:56:09,608 - INFO - Analyzing patterns for wallet 656/750
2024-12-03 14:56:09,609 - INFO - Analyzing patterns for wallet 657/750
2024-12-03 14:56:09,609 - INFO - Analyzing patterns for wallet 658/750
2024-12-03 14:56:09,610 - INFO - Analyzing patterns for wallet 659/750
2024-12-03 14:56:09,611 - INFO - Analyzing patterns for wallet 660/750
2024-12-03 14:56:09,612 - INFO - Analyzing patterns for wallet 661/750
2024-12-03 14:56:09,615 - INFO - Analyzing patterns for wallet 662/750
2024-12-03 14:56:09,615 - INFO - Analyzing patterns for wallet 663/750
2024-12-03 14:56:09,616 - INFO - Analyzing patterns for wallet 664/750
2024-12-03 14:56:09,617 - INFO - Analyzing patterns for wallet 665/750
2024-12-03 14:56:09,624 - INFO - Analyzing patterns for wallet 666/750
2024-12-03 14:56:09,626 - INFO - Analyzing patterns for wallet 667/750
2024-12-03 14:56:09,627 - INFO - Analyzing patterns for wallet 668/750
2024-12-03 14:56:09,628 - INFO - Analyzing patterns for wallet 669/750
2024-12-03 14:56:09,629 - INFO - Analyzing patterns for wallet 670/750
2024-12-03 14:56:09,630 - INFO - Analyzing patterns for wallet 671/750
2024-12-03 14:56:09,632 - INFO - Analyzing patterns for wallet 672/750
2024-12-03 14:56:09,633 - INFO - Analyzing patterns for wallet 673/750
2024-12-03 14:56:09,634 - INFO - Analyzing patterns for wallet 674/750
2024-12-03 14:56:09,640 - INFO - Analyzing patterns for wallet 675/750
2024-12-03 14:56:09,642 - INFO - Analyzing patterns for wallet 676/750
2024-12-03 14:56:09,643 - INFO - Analyzing patterns for wallet 677/750
2024-12-03 14:56:09,648 - INFO - Analyzing patterns for wallet 678/750
2024-12-03 14:56:09,652 - INFO - Analyzing patterns for wallet 679/750
2024-12-03 14:56:09,657 - INFO - Analyzing patterns for wallet 680/750
2024-12-03 14:56:09,658 - INFO - Analyzing patterns for wallet 681/750
2024-12-03 14:56:09,659 - INFO - Analyzing patterns for wallet 682/750
2024-12-03 14:56:09,660 - INFO - Analyzing patterns for wallet 683/750
2024-12-03 14:56:09,662 - INFO - Analyzing patterns for wallet 684/750
2024-12-03 14:56:09,663 - INFO - Analyzing patterns for wallet 685/750
2024-12-03 14:56:09,663 - INFO - Analyzing patterns for wallet 686/750
2024-12-03 14:56:09,665 - INFO - Analyzing patterns for wallet 687/750
2024-12-03 14:56:09,666 - INFO - Analyzing patterns for wallet 688/750
2024-12-03 14:56:09,667 - INFO - Analyzing patterns for wallet 689/750
2024-12-03 14:56:09,668 - INFO - Analyzing patterns for wallet 690/750
2024-12-03 14:56:09,675 - INFO - Analyzing patterns for wallet 691/750
2024-12-03 14:56:09,675 - INFO - Analyzing patterns for wallet 692/750
2024-12-03 14:56:09,678 - INFO - Analyzing patterns for wallet 693/750
2024-12-03 14:56:09,678 - INFO - Analyzing patterns for wallet 694/750
2024-12-03 14:56:09,680 - INFO - Analyzing patterns for wallet 695/750
2024-12-03 14:56:09,682 - INFO - Analyzing patterns for wallet 696/750
2024-12-03 14:56:09,683 - INFO - Analyzing patterns for wallet 697/750
2024-12-03 14:56:09,684 - INFO - Analyzing patterns for wallet 698/750
2024-12-03 14:56:09,689 - INFO - Analyzing patterns for wallet 699/750
2024-12-03 14:56:09,691 - INFO - Analyzing patterns for wallet 700/750
2024-12-03 14:56:09,706 - INFO - Analyzing patterns for wallet 701/750
2024-12-03 14:56:09,707 - INFO - Analyzing patterns for wallet 702/750
2024-12-03 14:56:09,709 - INFO - Analyzing patterns for wallet 703/750
2024-12-03 14:56:09,710 - INFO - Analyzing patterns for wallet 704/750
2024-12-03 14:56:09,711 - INFO - Analyzing patterns for wallet 705/750
2024-12-03 14:56:09,713 - INFO - Analyzing patterns for wallet 706/750
2024-12-03 14:56:09,713 - INFO - Analyzing patterns for wallet 707/750
2024-12-03 14:56:09,714 - INFO - Analyzing patterns for wallet 708/750
2024-12-03 14:56:09,715 - INFO - Analyzing patterns for wallet 709/750
2024-12-03 14:56:09,717 - INFO - Analyzing patterns for wallet 710/750
2024-12-03 14:56:09,717 - INFO - Analyzing patterns for wallet 711/750
2024-12-03 14:56:09,718 - INFO - Analyzing patterns for wallet 712/750
2024-12-03 14:56:09,723 - INFO - Analyzing patterns for wallet 713/750
2024-12-03 14:56:09,725 - INFO - Analyzing patterns for wallet 714/750
2024-12-03 14:56:09,726 - INFO - Analyzing patterns for wallet 715/750
2024-12-03 14:56:09,727 - INFO - Analyzing patterns for wallet 716/750
2024-12-03 14:56:09,728 - INFO - Analyzing patterns for wallet 717/750
2024-12-03 14:56:09,728 - INFO - Analyzing patterns for wallet 718/750
2024-12-03 14:56:09,730 - INFO - Analyzing patterns for wallet 719/750
2024-12-03 14:56:09,730 - INFO - Analyzing patterns for wallet 720/750
2024-12-03 14:56:09,732 - INFO - Analyzing patterns for wallet 721/750
2024-12-03 14:56:09,733 - INFO - Analyzing patterns for wallet 722/750
2024-12-03 14:56:09,733 - INFO - Analyzing patterns for wallet 723/750
2024-12-03 14:56:09,734 - INFO - Analyzing patterns for wallet 724/750
2024-12-03 14:56:09,742 - INFO - Analyzing patterns for wallet 725/750
2024-12-03 14:56:09,743 - INFO - Analyzing patterns for wallet 726/750
2024-12-03 14:56:09,743 - INFO - Analyzing patterns for wallet 727/750
2024-12-03 14:56:09,744 - INFO - Analyzing patterns for wallet 728/750
2024-12-03 14:56:09,745 - INFO - Analyzing patterns for wallet 729/750
2024-12-03 14:56:09,747 - INFO - Analyzing patterns for wallet 730/750
2024-12-03 14:56:09,748 - INFO - Analyzing patterns for wallet 731/750
2024-12-03 14:56:09,748 - INFO - Analyzing patterns for wallet 732/750
2024-12-03 14:56:09,749 - INFO - Analyzing patterns for wallet 733/750
2024-12-03 14:56:09,750 - INFO - Analyzing patterns for wallet 734/750
2024-12-03 14:56:09,751 - INFO - Analyzing patterns for wallet 735/750
2024-12-03 14:56:09,757 - INFO - Analyzing patterns for wallet 736/750
2024-12-03 14:56:09,758 - INFO - Analyzing patterns for wallet 737/750
2024-12-03 14:56:09,759 - INFO - Analyzing patterns for wallet 738/750
2024-12-03 14:56:09,760 - INFO - Analyzing patterns for wallet 739/750
2024-12-03 14:56:09,761 - INFO - Analyzing patterns for wallet 740/750
2024-12-03 14:56:09,763 - INFO - Analyzing patterns for wallet 741/750
2024-12-03 14:56:09,764 - INFO - Analyzing patterns for wallet 742/750
2024-12-03 14:56:09,765 - INFO - Analyzing patterns for wallet 743/750
2024-12-03 14:56:09,766 - INFO - Analyzing patterns for wallet 744/750
2024-12-03 14:56:09,766 - INFO - Analyzing patterns for wallet 745/750
2024-12-03 14:56:09,767 - INFO - Analyzing patterns for wallet 746/750
2024-12-03 14:56:09,773 - INFO - Analyzing patterns for wallet 747/750
2024-12-03 14:56:09,775 - INFO - Analyzing patterns for wallet 748/750
2024-12-03 14:56:09,775 - INFO - Analyzing patterns for wallet 749/750
2024-12-03 14:56:09,776 - INFO - Analyzing patterns for wallet 750/750
